
> rhg-bcu-battle@1.0.0 prebuild
> npm run generate:bcu-stage-crowns


> rhg-bcu-battle@1.0.0 generate:bcu-stage-crowns
> node scripts/build-bcu-stage-crown-index.mjs

wrote public/assets/generated/bcu-stage-crown-index.json: packs=58 rawRows=12957 exactIdentities=12957 ambiguousNames=87 ambiguousMapIds=80

> rhg-bcu-battle@1.0.0 build
> vite build

vite v8.1.0 building client environment for production...
[2Ktransforming...
./assets/vendor/bootstrap-icons/bootstrap-icons.min.css doesn't exist at build time, it will remain unchanged to be resolved at runtime

../assets/ui/nyanko-menu-bg.png referenced in ../assets/ui/nyanko-menu-bg.png didn't resolve at build time, it will remain unchanged to be resolved at runtime

../assets/ui/nyanko-ui-stamp.svg referenced in ../assets/ui/nyanko-ui-stamp.svg didn't resolve at build time, it will remain unchanged to be resolved at runtime

../assets/ui/nyanko-battle-load-bg.png referenced in ../assets/ui/nyanko-battle-load-bg.png didn't resolve at build time, it will remain unchanged to be resolved at runtime

../assets/FOT-大江戸勘亭流 Std E.otf referenced in ../assets/FOT-大江戸勘亭流 Std E.otf didn't resolve at build time, it will remain unchanged to be resolved at runtime
✓ 352 modules transformed.
✗ Build failed in 3.96s
[plugin rhg-selected-public-assets] failed to normalize manifest link in dist/index.html: ENOENT: no such file or directory, open '/workspaces/rhg/dist/index.html'
error during build:
Build failed with 1 error:

[plugin vite:prepare-out-dir]
Error: ENOTEMPTY, Directory not empty: /workspaces/rhg/dist/assets '/workspaces/rhg/dist/assets'
    at Object.rmSync (node:fs:1221:18)
    at emptyDir (file:///workspaces/rhg/node_modules/vite/dist/node/chunks/node.js:2145:11)
    at prepareOutDir (file:///workspaces/rhg/node_modules/vite/dist/node/chunks/node.js:32298:55)
    at PluginContextImpl.handler (file:///workspaces/rhg/node_modules/vite/dist/node/chunks/node.js:32287:6)
    at PluginContextImpl.handler (file:///workspaces/rhg/node_modules/vite/dist/node/chunks/node.js:32835:13)
    at plugin (file:///workspaces/rhg/node_modules/rolldown/dist/shared/bindingify-input-options-CzVhGygm.mjs:1598:12)
    at plugin.<computed> (file:///workspaces/rhg/node_modules/rolldown/dist/shared/bindingify-input-options-CzVhGygm.mjs:1961:18)
    at aggregateBindingErrorsIntoJsError (file:///workspaces/rhg/node_modules/rolldown/dist/shared/error-B68YLzl3.mjs:48:18)
    at unwrapBindingResult (file:///workspaces/rhg/node_modules/rolldown/dist/shared/error-B68YLzl3.mjs:18:128)
    at #build (file:///workspaces/rhg/node_modules/rolldown/dist/shared/rolldown-build-DR0wzp0V.mjs:3256:34)
    at async buildEnvironment (file:///workspaces/rhg/node_modules/vite/dist/node/chunks/node.js:32575:66)
    at async Object.build (file:///workspaces/rhg/node_modules/vite/dist/node/chunks/node.js:32997:19)
    at async Object.buildApp (file:///workspaces/rhg/node_modules/vite/dist/node/chunks/node.js:32994:153)
    at async CAC.<anonymous> (file:///workspaces/rhg/node_modules/vite/dist/node/cli.js:777:3) {
  errors: [Getter/Setter]
}
