
> rhg-bcu-battle@1.0.0 prebuild
> npm run generate:bcu-stage-crowns


> rhg-bcu-battle@1.0.0 generate:bcu-stage-crowns
> node scripts/build-bcu-stage-crown-index.mjs

wrote public/assets/generated/bcu-stage-crown-index.json: packs=58 rawRows=12957 exactIdentities=12957 ambiguousNames=87 ambiguousMapIds=80

> rhg-bcu-battle@1.0.0 build
> vite build

vite v8.1.0 building client environment for production...
[2Ktransforming...
./assets/vendor/bootstrap-icons/bootstrap-icons.min.css doesn't exist at build time, it will remain unchanged to be resolved at runtime

../assets/ui/nyanko-menu-bg.png referenced in ../assets/ui/nyanko-menu-bg.png didn't resolve at build time, it will remain unchanged to be resolved at runtime

../assets/ui/nyanko-battle-load-bg.png referenced in ../assets/ui/nyanko-battle-load-bg.png didn't resolve at build time, it will remain unchanged to be resolved at runtime

../assets/ui/nyanko-ui-stamp.svg referenced in ../assets/ui/nyanko-ui-stamp.svg didn't resolve at build time, it will remain unchanged to be resolved at runtime

../assets/FOT-大江戸勘亭流 Std E.otf referenced in ../assets/FOT-大江戸勘亭流 Std E.otf didn't resolve at build time, it will remain unchanged to be resolved at runtime
✓ 348 modules transformed.
rendering chunks...
computing gzip size...
dist/assets/manifest-CSWyWhKs.webmanifest                          0.86 kB
dist/index.html                                                    3.66 kB │ gzip:   1.68 kB
dist/assets/nyanko-stage-selector-pro-DQJ5P9my.css                20.21 kB │ gzip:   3.41 kB
dist/assets/index-B14WF2aM.css                                   178.84 kB │ gzip:  27.91 kB
dist/assets/installBcuPatches-BJUk0AgO.js                          0.39 kB │ gzip:   0.27 kB
dist/assets/BcuModifierDiagnostics-0ktZapK-.js                     0.68 kB │ gzip:   0.41 kB
dist/assets/BcuImgCut-Dl3DzW60.js                                  0.76 kB │ gzip:   0.49 kB
dist/assets/installUiPatches-ntRaw44j.js                           0.82 kB │ gzip:   0.51 kB
dist/assets/installBattleRendererPatches-BH7G81mX.js               0.83 kB │ gzip:   0.50 kB
dist/assets/installBattleCorePatches-CMcVQZTU.js                   0.88 kB │ gzip:   0.52 kB
dist/assets/installBattleProjectilePatches-BbLoBzjq.js             0.89 kB │ gzip:   0.52 kB
dist/assets/installBattleActorLifecyclePatches-lPRnKeCX.js         0.98 kB │ gzip:   0.57 kB
dist/assets/BcuComboRegistryLoader-BoSRIusU.js                     1.02 kB │ gzip:   0.58 kB
dist/assets/BcuExtraActorAnimationBundlePatch-Al14vcDu.js          1.52 kB │ gzip:   0.79 kB
dist/assets/AudioSettings-CRjt-mVJ.js                              1.67 kB │ gzip:   0.66 kB
dist/assets/BcuTalentRegistryLoader-C4GkOnCq.js                    1.71 kB │ gzip:   0.88 kB
dist/assets/installBattleScenePatches-2FNIlce8.js                  1.74 kB │ gzip:   0.79 kB
dist/assets/BattleTouchGuard-sEjdcWfn.js                           1.76 kB │ gzip:   0.79 kB
dist/assets/PreviewAppCustomStageBattleConfigPatch-Bj4c-boZ.js     1.97 kB │ gzip:   0.87 kB
dist/assets/runtimePatches-pxl8wDVs.js                             2.04 kB │ gzip:   0.85 kB
dist/assets/PreviewAppBattleMusicPatch-lweJLsgd.js                 2.12 kB │ gzip:   0.94 kB
dist/assets/BattleSceneBcuTouchPatch-DP0MaaEH.js                   2.17 kB │ gzip:   0.91 kB
dist/assets/PreviewAppPageTransitionPatch-CQgQ-zt8.js              2.44 kB │ gzip:   1.00 kB
dist/assets/BcuWaveBundleEffectSpawner-BzHWDm3i.js                 3.03 kB │ gzip:   1.47 kB
dist/assets/BcuAssetDatabase-z22IXhrf.js                           3.35 kB │ gzip:   1.14 kB
dist/assets/installBattlePatches-BOcsa3u5.js                       3.73 kB │ gzip:   1.37 kB
dist/assets/BattleSoundEventPatch-BZ2yPLxU.js                      4.70 kB │ gzip:   1.98 kB
dist/assets/BcuResistRuntime-ZRSov8jC.js                           4.90 kB │ gzip:   1.92 kB
dist/assets/PreviewAppBattleResultOverlayPatch-DzNH4bke.js         5.06 kB │ gzip:   2.11 kB
dist/assets/BcuComboStatModifier-DHuRy_8U.js                       5.10 kB │ gzip:   2.23 kB
dist/assets/BcuBarrierShieldEffectRuntime-BPn7m657.js              6.10 kB │ gzip:   2.11 kB
dist/assets/BcuWarpLifecycleRuntime-DI1CJy1_.js                    6.67 kB │ gzip:   2.58 kB
dist/assets/StageRuntimeSceneAdapter-DfmomEwf.js                   7.63 kB │ gzip:   2.47 kB
dist/assets/BcuSpriteText-Cxo1P_3f.js                              8.17 kB │ gzip:   2.59 kB
dist/assets/StageRuntime-DW_lW1vV.js                               8.30 kB │ gzip:   2.35 kB
dist/assets/BattleSoundEffects-BbN9Guls.js                         9.26 kB │ gzip:   3.37 kB
dist/assets/BcuCombatModel-CDLYPDrK.js                            10.23 kB │ gzip:   3.71 kB
dist/assets/BattleSurgeRuntimePatch-BmvOovAk.js                   11.26 kB │ gzip:   4.29 kB
dist/assets/BcuTalentInfoData-D3Sw8Gm_.js                         12.05 kB │ gzip:   4.03 kB
dist/assets/battleDirectPatches-CmAFLMoQ.js                       12.24 kB │ gzip:   3.72 kB
dist/assets/BattleWaveEffectLoader-DS5oKvBp.js                    13.22 kB │ gzip:   3.02 kB
dist/assets/BcuAssetLoader-e-JwP3BN.js                            13.53 kB │ gzip:   4.51 kB
dist/assets/CustomStageCharacterModificationAdapter-D1zUvGRY.js   14.37 kB │ gzip:   5.08 kB
dist/assets/PreviewAppBattlePauseOverlayPatch-Dy7ctx8T.js         16.01 kB │ gzip:   4.90 kB
dist/assets/index-WAskL4M0.js                                     16.20 kB │ gzip:   6.38 kB
dist/assets/BcuStatusEffectManager-DXgWZZbb.js                    21.10 kB │ gzip:   6.92 kB
dist/assets/RuntimeAssetGuard-WFtpM87c.js                         22.52 kB │ gzip:   7.47 kB
dist/assets/BcuCatCannonRuntime-D5xa5emC.js                       24.04 kB │ gzip:   8.10 kB
dist/assets/battleRendererPatches-CaRzJ4th.js                     24.27 kB │ gzip:   8.43 kB
dist/assets/BattleSceneRenderer-COqrsnk6.js                       33.49 kB │ gzip:  10.23 kB
dist/assets/battleProjectilePatches-IGvlHAhP.js                   42.67 kB │ gzip:  12.21 kB
dist/assets/BcuBootLoader-DEWSFGXx.js                             44.01 kB │ gzip:  12.29 kB
dist/assets/ProductionCardSkin-BSI-WdYi.js                        46.90 kB │ gzip:  14.54 kB
dist/assets/PreviewApp-qiva9X9a.js                                63.74 kB │ gzip:  19.49 kB
dist/assets/battleCorePatches-DK3ffgo3.js                         86.03 kB │ gzip:  25.46 kB
dist/assets/battleActorLifecyclePatches-BockypYa.js               96.50 kB │ gzip:  27.78 kB
dist/assets/battleScenePatches-wm3N3YNl.js                       102.57 kB │ gzip:  28.87 kB
dist/assets/BattleScene-DsKnH5tX.js                              211.89 kB │ gzip:  57.52 kB
dist/assets/BcuOrbModifier-_teMhZsC.js                           243.08 kB │ gzip:  69.34 kB
dist/assets/uiPatches-CArD5f-3.js                                468.05 kB │ gzip: 111.06 kB

✓ built in 2.18s
