
> rhg-bcu-battle@1.0.0 verify
> npm run check && npm test


> rhg-bcu-battle@1.0.0 precheck
> npm run generate:bcu-stage-crowns


> rhg-bcu-battle@1.0.0 generate:bcu-stage-crowns
> node scripts/build-bcu-stage-crown-index.mjs

wrote public/assets/generated/bcu-stage-crown-index.json: packs=58 rawRows=12957 exactIdentities=12957 ambiguousNames=87 ambiguousMapIds=80

> rhg-bcu-battle@1.0.0 check
> node scripts/check-bcu-ability-parity-safe-suite.mjs && node scripts/check-open-issue-regressions.mjs


$ node --check js/battle/bcu-runtime/BcuDelayRuntime.js

$ node --check js/battle/BcuDelayRuntimePatch.js

$ node --check js/battle/bcu-runtime/BcuWaveInvalidRuntime.js

$ node --check js/battle/BattleSceneBcuWaveInvalidApplyPatch.js

$ node --check js/battle/bcu-runtime/BcuBarrierShieldEffectRuntime.js

$ node --check js/battle/BattleActorBarrierShieldVisualPatch.js

$ node --check js/battle/BattleToxicEffectAssetPatch.js

$ node --check js/battle/BcuProcImmunityVisualPatch.js

$ node --check js/battle/BattleWaveEffectLoader.js

$ node --check js/ui/PlayerProductionBar.js

$ node --check js/ui/ProductionCardSkin.js

$ node --check js/ui/ProductionCardDogIconFitPatch.js

$ node --check js/ui/FormationStageDifficultyPatch.js

$ node --check js/battle/bcu-runtime/BcuUnitLevelRuntime.js

$ node --check js/battle/BattleSceneBcuUnitLevelPatch.js

$ node --check js/ui/FormationEditorBcuUnitLevelPatch.js

$ node --check js/bcu/BcuUnitRepository.js

$ node --check js/battle/PlayableCharacterRegistry.js

$ node --check js/battle/FormationStore.js

$ node --check scripts/build-bcu-core-db-bundle.mjs

$ node --check scripts/build-bcu-wave-effect-bundle.mjs

$ node --check js/battle/BattleSceneBcuWaveOnBlockedHitPatch.js

$ node --check js/battle/bcu-runtime/BcuSummonRuntime.js

$ node --check js/battle/BattleSceneBcuSummonPatch.js

$ node --check js/battle/BattleActorZombieRevivePatch.js

$ node --check js/battle/BcuStorageDiagnostics.js

$ node --check js/battle/StageRegistry.js

$ node --check js/battle/bcu-runtime/BcuCatCannonRuntime.js

$ node --check js/battle/bcu-runtime/BcuCannonLevelCurve.js

$ node --check js/battle/BattleSceneBcuCatCannonPatch.js

$ node --check js/battle/BattleSceneRendererEffectGlowPatch.js

$ node --check js/battle/BattleSceneAttackEffectPatch.js

$ node --check js/battle/bcu-runtime/BcuEnemyCastleBossSpawn.js

$ node --check js/preview/PreviewAppBattleResultOverlayPatch.js

$ node --check scripts/check-production-card-icon-source-parity.mjs

$ node --check scripts/check-bcu-parser-indexes.mjs

$ node --check scripts/check-bcu-delay-runtime.mjs

$ node --check scripts/check-bcu-stage-line-row-parity.mjs

$ node --check scripts/check-bcu-wallet-runtime-parity.mjs

$ node --check scripts/check-bcu-wave-invalid-parity.mjs

$ node --check scripts/check-bcu-wave-on-barrier-shield-block-parity.mjs

$ node --check scripts/check-bcu-unit-level-runtime-parity.mjs

$ node --check scripts/check-bcu-barrier-shield-effect-parity.mjs

$ node --check scripts/check-bcu-burrow-lifecycle-parity.mjs

$ node --check scripts/check-bcu-castle-guard-parity.mjs

$ node --check scripts/check-bcu-spirit-bundle-manifest-parity.mjs

$ node --check scripts/check-bcu-spirit-lifecycle-parity.mjs

$ node --check scripts/check-bcu-spirit-cooldown-emphasize-parity.mjs

$ node --check scripts/check-bcu-summon-runtime-parity.mjs

$ node --check scripts/check-bcu-zombie-corpse-soulstrike-parity.mjs

$ node --check scripts/check-bcu-demon-shield-regen-timing.mjs

$ node --check scripts/check-projectile-damage-parity.mjs

$ node --check scripts/check-proc-immunity-resistance-parity.mjs

$ node --check scripts/check-bcu-toxic-effect-parity.mjs

$ node --check scripts/check-effect-bundle-aliases.mjs

$ node --check scripts/check-effect-coordinate-traces.mjs

$ node --check scripts/check-bcu-death-animation-parity.mjs

$ node --check scripts/check-bcu-warp-lifecycle-parity.mjs

$ node --check scripts/check-bcu-warp-interrupt-scene-parity.mjs

$ node --check scripts/check-bcu-combo-proc-duration-parity.mjs

$ node --check scripts/check-bcu-combo-speed-crit-parity.mjs

$ node --check scripts/check-ability-partial-blockers.mjs

$ node --check scripts/check-bcu-wave-surge-point-capture-parity.mjs

$ node --check scripts/check-bcu-metal-abi-double-apply.mjs

$ node --check scripts/check-actor-render-bounds-guard.mjs

$ node --check scripts/check-battle-runtime-lightweight-guards.mjs

$ node --check scripts/check-bcu-canvas-composite-pixel-parity.mjs

$ node --check scripts/check-bcu-glow-queue-equivalence.mjs

$ node --check scripts/check-battle-renderer-bounds-equivalence.mjs

$ node --check scripts/check-battle-render-interpolation.mjs

$ node --check scripts/check-install-gate.mjs

$ node scripts/check-production-card-icon-source-parity.mjs
check-production-card-icon-source-parity: OK

$ node scripts/check-bcu-parser-indexes.mjs
check-bcu-parser-indexes: OK

$ node scripts/check-bcu-delay-runtime.mjs
check-bcu-delay-runtime: OK

$ node scripts/check-bcu-stage-line-row-parity.mjs
check-bcu-stage-line-row-parity: OK

$ node scripts/check-bcu-wallet-runtime-parity.mjs
check-bcu-wallet-runtime-parity: OK

$ node scripts/check-bcu-wave-invalid-parity.mjs
check-bcu-wave-invalid-parity: OK

$ node scripts/check-bcu-wave-on-barrier-shield-block-parity.mjs
check-bcu-wave-on-barrier-shield-block-parity: OK

$ node scripts/check-bcu-unit-level-runtime-parity.mjs
check-bcu-unit-level-runtime-parity: OK

$ node scripts/check-bcu-barrier-shield-effect-parity.mjs
check-bcu-barrier-shield-effect-parity: OK

$ node scripts/check-bcu-burrow-lifecycle-parity.mjs
check-bcu-burrow-lifecycle-parity: OK

$ node scripts/check-bcu-castle-guard-parity.mjs
check-bcu-castle-guard-parity: OK

$ node scripts/check-bcu-spirit-bundle-manifest-parity.mjs
check-bcu-spirit-bundle-manifest-parity: OK spirits=21

$ node scripts/check-bcu-spirit-lifecycle-parity.mjs
check-bcu-spirit-lifecycle-parity: OK

$ node scripts/check-bcu-summon-runtime-parity.mjs
check-bcu-summon-runtime-parity: OK

$ node scripts/check-bcu-summon-procobject-loader-parity.mjs
check-bcu-summon-procobject-loader-parity: OK

$ node scripts/check-bcu-trait-targetforms-loader-parity.mjs
check-bcu-trait-targetforms-loader-parity: OK

$ node scripts/check-bcu-modifier-realdata-sweep-parity.mjs
check-bcu-modifier-realdata-sweep-parity: OK

$ node --check scripts/check-bcu-modifier-registry-failure-visibility.mjs

$ node scripts/check-bcu-modifier-registry-failure-visibility.mjs
[battle boot] combo registry load failed; combos disabled Error: loadBcuComboRegistry: semantic provider core-db unavailable
    at loadBcuComboRegistry (file:///workspaces/rhg/js/battle/bcu-runtime/BcuComboRegistryLoader.js:44:13)
    at installBcuComboRegistry (file:///workspaces/rhg/js/battle/bcu-runtime/BcuComboRegistryLoader.js:63:11)
    at file:///workspaces/rhg/scripts/check-bcu-modifier-registry-failure-visibility.mjs:43:20
[modifier] combo registry load failed; combo modifiers disabled: loadBcuComboRegistry: semantic provider core-db unavailable
[battle boot] talent registry load failed; talents disabled Error: loadBcuTalentRegistry: semantic provider core-db unavailable
    at loadBcuTalentRegistry (file:///workspaces/rhg/js/battle/bcu-runtime/BcuTalentRegistryLoader.js:54:13)
    at installBcuTalentRegistry (file:///workspaces/rhg/js/battle/bcu-runtime/BcuTalentRegistryLoader.js:76:11)
    at file:///workspaces/rhg/scripts/check-bcu-modifier-registry-failure-visibility.mjs:61:20
[modifier] talent registry load failed; talent modifiers disabled: loadBcuTalentRegistry: semantic provider core-db unavailable
check-bcu-modifier-registry-failure-visibility: OK

$ node scripts/check-bcu-zombie-extra-revive-source-range-parity.mjs
check-bcu-zombie-extra-revive-source-range-parity: OK

$ node scripts/check-formation-storage-failure-visibility.mjs
[storage] formation write failed: quota exceeded
[storage] formation read failed: read denied
[storage] stage write failed: quota exceeded
[storage] stage read failed: read denied
check-formation-storage-failure-visibility: OK

$ node scripts/check-bcu-battle-sound-effects-parity.mjs
check-bcu-battle-sound-effects-parity: OK

$ node scripts/check-bcu-counter-surge-reflect-parity.mjs
check-bcu-counter-surge-reflect-parity: OK

$ node scripts/check-boot-import-progress.mjs
check-boot-import-progress: OK

$ node scripts/check-bcu-zombie-corpse-soulstrike-parity.mjs
check-bcu-zombie-corpse-soulstrike-parity: OK

$ node scripts/check-bcu-demon-shield-regen-timing.mjs
check-bcu-demon-shield-regen-timing: OK

$ node scripts/check-projectile-damage-parity.mjs
check-projectile-damage-parity: OK

$ node scripts/check-proc-immunity-resistance-parity.mjs
check-proc-immunity-resistance-parity: OK

$ node scripts/check-bcu-toxic-effect-parity.mjs
check-bcu-toxic-effect-parity: OK

$ node scripts/check-effect-bundle-aliases.mjs
check-effect-bundle-aliases: OK

$ node scripts/check-effect-coordinate-traces.mjs
check-effect-coordinate-traces: OK

$ node scripts/check-bcu-death-animation-parity.mjs
check-bcu-death-animation-parity: OK

$ node scripts/check-bcu-warp-lifecycle-parity.mjs
check-bcu-warp-lifecycle-parity: OK

$ node scripts/check-bcu-warp-interrupt-scene-parity.mjs
check-bcu-warp-interrupt-scene-parity: OK

$ node scripts/check-bcu-combo-proc-duration-parity.mjs
check-bcu-combo-proc-duration-parity: OK

$ node scripts/check-bcu-combo-speed-crit-parity.mjs
check-bcu-combo-speed-crit-parity: OK

$ node scripts/check-ability-partial-blockers.mjs
check-ability-partial-blockers: OK

$ node scripts/check-bcu-wave-surge-point-capture-parity.mjs
check-bcu-wave-surge-point-capture-parity: OK

$ node scripts/check-bcu-metal-abi-double-apply.mjs
check-bcu-metal-abi-double-apply: OK

$ node scripts/check-bcu-cat-cannon-runtime-parity.mjs
check-bcu-cat-cannon-runtime-parity: OK

$ node scripts/check-bcu-cat-cannon-effect-position-parity.mjs
check-bcu-cat-cannon-effect-position-parity: OK

$ node scripts/check-bcu-cat-cannon-wave-anim-parity.mjs
check-bcu-cat-cannon-wave-anim-parity: OK

$ node scripts/check-bcu-cannon-level-curve-parity.mjs
check-bcu-cannon-level-curve-parity: OK

$ node scripts/check-bcu-non-basic-cat-cannon-spec-parity.mjs
check-bcu-non-basic-cat-cannon-spec-parity: OK

$ node scripts/check-bcu-non-basic-cat-cannon-runtime-parity.mjs
check-bcu-non-basic-cat-cannon-runtime-parity: OK

$ node scripts/check-bcu-non-basic-cat-cannon-anim-parity.mjs
OK check-bcu-non-basic-cat-cannon-anim-parity: per-cannon BASE/ATK(EXT) eanim mapping + real-anim spawn with observable trace fallback

$ node scripts/check-bcu-enemy-castle-boss-spawn-parity.mjs
check-bcu-enemy-castle-boss-spawn-parity: OK

$ node --check scripts/check-bcu-enemy-castle-resolution.mjs

$ node scripts/check-bcu-enemy-castle-resolution.mjs
OK: CH_CASTLES length -> 53
OK: CH_CASTLES[0] -> 45
OK: CH_CASTLES[45] -> 0
OK: CH_CASTLES[46] -> 46
OK: explicit id 7 -> 7
OK: explicit id 0 -> 0
OK: EoC1 Zombie (stageNormal0_0_Z) -> 1045
OK: EoC2 Zombie (stageNormal0_1_Z) -> 1044
OK: EoC3 Zombie (stageNormal0_2_Z) -> 1043
OK: ItF1 (stageNormal1_0) -> 2042
OK: ItF2 (stageNormal1_1) -> 2041
OK: CotC1 (stageNormal2_0) -> 3039
OK: path basename -> 1045
OK: unknown -1 resolves real castle -> true
check-bcu-enemy-castle-resolution: OK

$ node scripts/check-actor-render-bounds-guard.mjs
OK: enemy 393 ラミエル attack renders all 236 frames (peak bounds 15000x11625, old cap 4096)
OK: actor render bounds guard rejects only non-finite/absurd, passes legitimate large animation frames

$ node scripts/check-battle-runtime-lightweight-guards.mjs
check-battle-runtime-lightweight-guards: OK

$ node scripts/check-bcu-canvas-composite-pixel-parity.mjs
check-bcu-canvas-composite-pixel-parity: OK (42 glow/opacity cases, 4096 px each, byte-identical)

$ node scripts/check-bcu-glow-queue-equivalence.mjs
check-bcu-glow-queue-equivalence: OK

$ node scripts/check-battle-renderer-bounds-equivalence.mjs
check-battle-renderer-bounds-equivalence: OK (200 randomized draw lists, identical to per-part reference)

$ node scripts/check-battle-render-interpolation.mjs
check-battle-render-interpolation: OK

$ node scripts/check-install-gate.mjs
check-install-gate: OK

$ node scripts/check-battle-pause-control.mjs
check-battle-pause-control: OK (audio settings + pause/option control + sprite parity)

$ node scripts/check-battle-music-and-zombie-killer.mjs
check-battle-music-and-zombie-killer: OK (music pipeline + stage music + zombie killer SE)

$ node --check scripts/check-bcu-lineup-slide-gesture-parity.mjs

$ node scripts/check-bcu-lineup-slide-gesture-parity.mjs
check-bcu-lineup-slide-gesture-parity: OK

$ node --check scripts/check-bcu-msd-row-alignment-parity.mjs

$ node scripts/check-bcu-msd-row-alignment-parity.mjs
check-bcu-msd-row-alignment-parity: OK (9606 stage rows aligned)

$ node --check scripts/check-bcu-maanim-keyframe-integrity.mjs

$ node scripts/check-bcu-maanim-keyframe-integrity.mjs
check-bcu-maanim-keyframe-integrity: OK (14012 files, 0 junk keyframes, 30 known-corrupt headers)

$ node --check scripts/check-bcu-renderer-patch.mjs

$ node scripts/check-bcu-renderer-patch.mjs
check-bcu-renderer-patch: OK

$ node --check scripts/check-bcu-castle-runtime-geometry.mjs

$ node scripts/check-bcu-castle-runtime-geometry.mjs
check-bcu-castle-runtime-geometry: OK

$ node --check scripts/check-bcu-cat-cannon-wave-immunity-parity.mjs

$ node scripts/check-bcu-cat-cannon-wave-immunity-parity.mjs
check-bcu-cat-cannon-wave-immunity-parity: OK

$ node --check scripts/check-bcu-boss-knockback-castle-limit-parity.mjs

$ node scripts/check-bcu-boss-knockback-castle-limit-parity.mjs
check-bcu-boss-knockback-castle-limit-parity: OK

$ node --check scripts/check-bcu-boss-shockwave-runtime-parity.mjs

$ node scripts/check-bcu-boss-shockwave-runtime-parity.mjs
check-bcu-boss-shockwave-runtime-parity: OK

$ node --check scripts/build-bcu-stage-crown-index.mjs

$ node --check scripts/check-bcu-stage-crown-parity.mjs

$ node scripts/check-bcu-stage-crown-parity.mjs
check-bcu-stage-crown-parity: OK

$ node --check scripts/check-bcu-special-castle-resolution-parity.mjs

$ node scripts/check-bcu-special-castle-resolution-parity.mjs
check-bcu-special-castle-resolution-parity: OK

$ node --check scripts/build-bcu-slim-indexes.mjs

$ node --check scripts/check-bcu-slim-indexes-sync.mjs

$ node scripts/check-bcu-slim-indexes-sync.mjs
OK: public/assets/generated/bcu-actor-index.slim.json in sync (4364KB)
OK: public/assets/generated/bcu-background-index.slim.json in sync (1682KB)
OK: public/assets/generated/bcu-stage-index.slim.json in sync (11486KB)
check-bcu-slim-indexes-sync: OK

$ node --check scripts/check-character-modification-schema.mjs

$ node --check scripts/check-character-modification-codec.mjs

$ node --check scripts/check-character-modification-resolver.mjs

$ node --check scripts/check-character-modification-derived-model.mjs

$ node --check scripts/check-character-modification-cache.mjs

$ node --check scripts/check-character-modification-production.mjs

$ node --check scripts/check-custom-stage-character-modification.mjs

$ node --check scripts/check-formation-character-modification.mjs

$ node --check scripts/check-character-modification-import-security.mjs

$ node --check scripts/check-character-modification-runtime-integration.mjs

$ node --check scripts/check-character-modification-ui.mjs

$ node scripts/check-character-modification-schema.mjs
check-character-modification-schema: OK

$ node scripts/check-character-modification-codec.mjs
check-character-modification-codec: OK

$ node scripts/check-character-modification-resolver.mjs
check-character-modification-resolver: OK

$ node scripts/check-character-modification-derived-model.mjs
check-character-modification-derived-model: OK

$ node scripts/check-character-modification-cache.mjs
check-character-modification-cache: OK

$ node scripts/check-character-modification-production.mjs
check-character-modification-production: OK

$ node scripts/check-custom-stage-character-modification.mjs
[storage] custom-stage read failed: Broken character modification reference: missing-modification
[storage] custom-stage read failed: Broken character modification reference: missing-modification
[storage] custom-stage read failed: modifications must be a plain object.
[storage] custom-stage read failed: modifications must be a plain object.
check-custom-stage-character-modification: OK

$ node scripts/check-formation-character-modification.mjs
[storage] formation read failed: read denied
[storage] formation write failed: quota
[storage] formation read failed: Unsupported formation version: 6
[storage] formation read failed: Unsupported formation version: 6
[storage] formation read failed: stats.maxHp must be at least 1.
[storage] formation read failed: stats.maxHp must be at least 1.
[storage] formation read failed: options.characterModifications must be a plain object.
[storage] formation read failed: options.characterModifications must be a plain object.
check-formation-character-modification: OK

$ node scripts/check-character-modification-import-security.mjs
check-character-modification-import-security: OK

$ node scripts/check-character-modification-runtime-integration.mjs
check-character-modification-runtime-integration: OK

$ node scripts/check-character-modification-ui.mjs
node:internal/modules/run_main:107
    triggerUncaughtException(
    ^

locator.waitFor: Timeout 10000ms exceeded.
Call log:
[2m  - waiting for locator('[data-character-modification-open]') to be visible[22m

    at openFormationEditor (/workspaces/rhg/scripts/check-character-modification-ui.mjs:69:17)
    at async formationWorkflow (/workspaces/rhg/scripts/check-character-modification-ui.mjs:224:3)
    at async file:///workspaces/rhg/scripts/check-character-modification-ui.mjs:899:3 {
  name: 'TimeoutError'
}

Node.js v24.14.0
FAILED: node scripts/check-character-modification-ui.mjs exited with 1

BCU ability parity safe suite summary:
- OK: node --check js/battle/bcu-runtime/BcuDelayRuntime.js
- OK: node --check js/battle/BcuDelayRuntimePatch.js
- OK: node --check js/battle/bcu-runtime/BcuWaveInvalidRuntime.js
- OK: node --check js/battle/BattleSceneBcuWaveInvalidApplyPatch.js
- OK: node --check js/battle/bcu-runtime/BcuBarrierShieldEffectRuntime.js
- OK: node --check js/battle/BattleActorBarrierShieldVisualPatch.js
- OK: node --check js/battle/BattleToxicEffectAssetPatch.js
- OK: node --check js/battle/BcuProcImmunityVisualPatch.js
- OK: node --check js/battle/BattleWaveEffectLoader.js
- OK: node --check js/ui/PlayerProductionBar.js
- OK: node --check js/ui/ProductionCardSkin.js
- OK: node --check js/ui/ProductionCardDogIconFitPatch.js
- OK: node --check js/ui/FormationStageDifficultyPatch.js
- OK: node --check js/battle/bcu-runtime/BcuUnitLevelRuntime.js
- OK: node --check js/battle/BattleSceneBcuUnitLevelPatch.js
- OK: node --check js/ui/FormationEditorBcuUnitLevelPatch.js
- OK: node --check js/bcu/BcuUnitRepository.js
- OK: node --check js/battle/PlayableCharacterRegistry.js
- OK: node --check js/battle/FormationStore.js
- OK: node --check scripts/build-bcu-core-db-bundle.mjs
- OK: node --check scripts/build-bcu-wave-effect-bundle.mjs
- OK: node --check js/battle/BattleSceneBcuWaveOnBlockedHitPatch.js
- OK: node --check js/battle/bcu-runtime/BcuSummonRuntime.js
- OK: node --check js/battle/BattleSceneBcuSummonPatch.js
- OK: node --check js/battle/BattleActorZombieRevivePatch.js
- OK: node --check js/battle/BcuStorageDiagnostics.js
- OK: node --check js/battle/StageRegistry.js
- OK: node --check js/battle/bcu-runtime/BcuCatCannonRuntime.js
- OK: node --check js/battle/bcu-runtime/BcuCannonLevelCurve.js
- OK: node --check js/battle/BattleSceneBcuCatCannonPatch.js
- OK: node --check js/battle/BattleSceneRendererEffectGlowPatch.js
- OK: node --check js/battle/BattleSceneAttackEffectPatch.js
- OK: node --check js/battle/bcu-runtime/BcuEnemyCastleBossSpawn.js
- OK: node --check js/preview/PreviewAppBattleResultOverlayPatch.js
- OK: node --check scripts/check-production-card-icon-source-parity.mjs
- OK: node --check scripts/check-bcu-parser-indexes.mjs
- OK: node --check scripts/check-bcu-delay-runtime.mjs
- OK: node --check scripts/check-bcu-stage-line-row-parity.mjs
- OK: node --check scripts/check-bcu-wallet-runtime-parity.mjs
- OK: node --check scripts/check-bcu-wave-invalid-parity.mjs
- OK: node --check scripts/check-bcu-wave-on-barrier-shield-block-parity.mjs
- OK: node --check scripts/check-bcu-unit-level-runtime-parity.mjs
- OK: node --check scripts/check-bcu-barrier-shield-effect-parity.mjs
- OK: node --check scripts/check-bcu-burrow-lifecycle-parity.mjs
- OK: node --check scripts/check-bcu-castle-guard-parity.mjs
- OK: node --check scripts/check-bcu-spirit-bundle-manifest-parity.mjs
- OK: node --check scripts/check-bcu-spirit-lifecycle-parity.mjs
- OK: node --check scripts/check-bcu-spirit-cooldown-emphasize-parity.mjs
- OK: node --check scripts/check-bcu-summon-runtime-parity.mjs
- OK: node --check scripts/check-bcu-zombie-corpse-soulstrike-parity.mjs
- OK: node --check scripts/check-bcu-demon-shield-regen-timing.mjs
- OK: node --check scripts/check-projectile-damage-parity.mjs
- OK: node --check scripts/check-proc-immunity-resistance-parity.mjs
- OK: node --check scripts/check-bcu-toxic-effect-parity.mjs
- OK: node --check scripts/check-effect-bundle-aliases.mjs
- OK: node --check scripts/check-effect-coordinate-traces.mjs
- OK: node --check scripts/check-bcu-death-animation-parity.mjs
- OK: node --check scripts/check-bcu-warp-lifecycle-parity.mjs
- OK: node --check scripts/check-bcu-warp-interrupt-scene-parity.mjs
- OK: node --check scripts/check-bcu-combo-proc-duration-parity.mjs
- OK: node --check scripts/check-bcu-combo-speed-crit-parity.mjs
- OK: node --check scripts/check-ability-partial-blockers.mjs
- OK: node --check scripts/check-bcu-wave-surge-point-capture-parity.mjs
- OK: node --check scripts/check-bcu-metal-abi-double-apply.mjs
- OK: node --check scripts/check-actor-render-bounds-guard.mjs
- OK: node --check scripts/check-battle-runtime-lightweight-guards.mjs
- OK: node --check scripts/check-bcu-canvas-composite-pixel-parity.mjs
- OK: node --check scripts/check-bcu-glow-queue-equivalence.mjs
- OK: node --check scripts/check-battle-renderer-bounds-equivalence.mjs
- OK: node --check scripts/check-battle-render-interpolation.mjs
- OK: node --check scripts/check-install-gate.mjs
- OK: node scripts/check-production-card-icon-source-parity.mjs
- OK: node scripts/check-bcu-parser-indexes.mjs
- OK: node scripts/check-bcu-delay-runtime.mjs
- OK: node scripts/check-bcu-stage-line-row-parity.mjs
- OK: node scripts/check-bcu-wallet-runtime-parity.mjs
- OK: node scripts/check-bcu-wave-invalid-parity.mjs
- OK: node scripts/check-bcu-wave-on-barrier-shield-block-parity.mjs
- OK: node scripts/check-bcu-unit-level-runtime-parity.mjs
- OK: node scripts/check-bcu-barrier-shield-effect-parity.mjs
- OK: node scripts/check-bcu-burrow-lifecycle-parity.mjs
- OK: node scripts/check-bcu-castle-guard-parity.mjs
- OK: node scripts/check-bcu-spirit-bundle-manifest-parity.mjs
- OK: node scripts/check-bcu-spirit-lifecycle-parity.mjs
- OK: node scripts/check-bcu-summon-runtime-parity.mjs
- OK: node scripts/check-bcu-summon-procobject-loader-parity.mjs
- OK: node scripts/check-bcu-trait-targetforms-loader-parity.mjs
- OK: node scripts/check-bcu-modifier-realdata-sweep-parity.mjs
- OK: node --check scripts/check-bcu-modifier-registry-failure-visibility.mjs
- OK: node scripts/check-bcu-modifier-registry-failure-visibility.mjs
- OK: node scripts/check-bcu-zombie-extra-revive-source-range-parity.mjs
- OK: node scripts/check-formation-storage-failure-visibility.mjs
- OK: node scripts/check-bcu-battle-sound-effects-parity.mjs
- OK: node scripts/check-bcu-counter-surge-reflect-parity.mjs
- OK: node scripts/check-boot-import-progress.mjs
- OK: node scripts/check-bcu-zombie-corpse-soulstrike-parity.mjs
- OK: node scripts/check-bcu-demon-shield-regen-timing.mjs
- OK: node scripts/check-projectile-damage-parity.mjs
- OK: node scripts/check-proc-immunity-resistance-parity.mjs
- OK: node scripts/check-bcu-toxic-effect-parity.mjs
- OK: node scripts/check-effect-bundle-aliases.mjs
- OK: node scripts/check-effect-coordinate-traces.mjs
- OK: node scripts/check-bcu-death-animation-parity.mjs
- OK: node scripts/check-bcu-warp-lifecycle-parity.mjs
- OK: node scripts/check-bcu-warp-interrupt-scene-parity.mjs
- OK: node scripts/check-bcu-combo-proc-duration-parity.mjs
- OK: node scripts/check-bcu-combo-speed-crit-parity.mjs
- OK: node scripts/check-ability-partial-blockers.mjs
- OK: node scripts/check-bcu-wave-surge-point-capture-parity.mjs
- OK: node scripts/check-bcu-metal-abi-double-apply.mjs
- OK: node scripts/check-bcu-cat-cannon-runtime-parity.mjs
- OK: node scripts/check-bcu-cat-cannon-effect-position-parity.mjs
- OK: node scripts/check-bcu-cat-cannon-wave-anim-parity.mjs
- OK: node scripts/check-bcu-cannon-level-curve-parity.mjs
- OK: node scripts/check-bcu-non-basic-cat-cannon-spec-parity.mjs
- OK: node scripts/check-bcu-non-basic-cat-cannon-runtime-parity.mjs
- OK: node scripts/check-bcu-non-basic-cat-cannon-anim-parity.mjs
- OK: node scripts/check-bcu-enemy-castle-boss-spawn-parity.mjs
- OK: node --check scripts/check-bcu-enemy-castle-resolution.mjs
- OK: node scripts/check-bcu-enemy-castle-resolution.mjs
- OK: node scripts/check-actor-render-bounds-guard.mjs
- OK: node scripts/check-battle-runtime-lightweight-guards.mjs
- OK: node scripts/check-bcu-canvas-composite-pixel-parity.mjs
- OK: node scripts/check-bcu-glow-queue-equivalence.mjs
- OK: node scripts/check-battle-renderer-bounds-equivalence.mjs
- OK: node scripts/check-battle-render-interpolation.mjs
- OK: node scripts/check-install-gate.mjs
- OK: node scripts/check-battle-pause-control.mjs
- OK: node scripts/check-battle-music-and-zombie-killer.mjs
- OK: node --check scripts/check-bcu-lineup-slide-gesture-parity.mjs
- OK: node scripts/check-bcu-lineup-slide-gesture-parity.mjs
- OK: node --check scripts/check-bcu-msd-row-alignment-parity.mjs
- OK: node scripts/check-bcu-msd-row-alignment-parity.mjs
- OK: node --check scripts/check-bcu-maanim-keyframe-integrity.mjs
- OK: node scripts/check-bcu-maanim-keyframe-integrity.mjs
- OK: node --check scripts/check-bcu-renderer-patch.mjs
- OK: node scripts/check-bcu-renderer-patch.mjs
- OK: node --check scripts/check-bcu-castle-runtime-geometry.mjs
- OK: node scripts/check-bcu-castle-runtime-geometry.mjs
- OK: node --check scripts/check-bcu-cat-cannon-wave-immunity-parity.mjs
- OK: node scripts/check-bcu-cat-cannon-wave-immunity-parity.mjs
- OK: node --check scripts/check-bcu-boss-knockback-castle-limit-parity.mjs
- OK: node scripts/check-bcu-boss-knockback-castle-limit-parity.mjs
- OK: node --check scripts/check-bcu-boss-shockwave-runtime-parity.mjs
- OK: node scripts/check-bcu-boss-shockwave-runtime-parity.mjs
- OK: node --check scripts/build-bcu-stage-crown-index.mjs
- OK: node --check scripts/check-bcu-stage-crown-parity.mjs
- OK: node scripts/check-bcu-stage-crown-parity.mjs
- OK: node --check scripts/check-bcu-special-castle-resolution-parity.mjs
- OK: node scripts/check-bcu-special-castle-resolution-parity.mjs
- OK: node --check scripts/build-bcu-slim-indexes.mjs
- OK: node --check scripts/check-bcu-slim-indexes-sync.mjs
- OK: node scripts/check-bcu-slim-indexes-sync.mjs
- OK: node --check scripts/check-character-modification-schema.mjs
- OK: node --check scripts/check-character-modification-codec.mjs
- OK: node --check scripts/check-character-modification-resolver.mjs
- OK: node --check scripts/check-character-modification-derived-model.mjs
- OK: node --check scripts/check-character-modification-cache.mjs
- OK: node --check scripts/check-character-modification-production.mjs
- OK: node --check scripts/check-custom-stage-character-modification.mjs
- OK: node --check scripts/check-formation-character-modification.mjs
- OK: node --check scripts/check-character-modification-import-security.mjs
- OK: node --check scripts/check-character-modification-runtime-integration.mjs
- OK: node --check scripts/check-character-modification-ui.mjs
- OK: node scripts/check-character-modification-schema.mjs
- OK: node scripts/check-character-modification-codec.mjs
- OK: node scripts/check-character-modification-resolver.mjs
- OK: node scripts/check-character-modification-derived-model.mjs
- OK: node scripts/check-character-modification-cache.mjs
- OK: node scripts/check-character-modification-production.mjs
- OK: node scripts/check-custom-stage-character-modification.mjs
- OK: node scripts/check-formation-character-modification.mjs
- OK: node scripts/check-character-modification-import-security.mjs
- OK: node scripts/check-character-modification-runtime-integration.mjs
- FAIL: node scripts/check-character-modification-ui.mjs
exit=1
